<?xml version="1.0" encoding="UTF-8"?>
<testsuite name="servicosTest" tests="1" skipped="0" failures="0" errors="0" timestamp="2022-10-13T22:35:31" hostname="JGSFABRICA01" time="2.681">
  <properties/>
  <testcase name="shouldOpenChrome()" classname="servicosTest" time="2.681"/>
  <system-out><![CDATA[]]></system-out>
  <system-err><![CDATA[Starting ChromeDriver 106.0.5249.61 (511755355844955cd3e264779baf0dd38212a4d0-refs/branch-heads/5249@{#569}) on port 49275
Only local connections are allowed.
Please see https://chromedriver.chromium.org/security-considerations for suggestions on keeping ChromeDriver safe.
ChromeDriver was started successfully.
]]></system-err>
</testsuite>
